20090904144105.000000
AvgDiskBytesPerRead=0
AvgDiskBytesPerTransfer=0
AvgDiskBytesPerWrite=0
AvgDiskQueueLength=0
AvgDiskReadQueueLength=0
AvgDiskWriteQueueLength=0
AvgDisksecPerRead=0
AvgDisksecPerTransfer=0
AvgDisksecPerWrite=0
Caption=NULL
CurrentDiskQueueLength=0
Description=NULL
DiskBytesPersec=0
$
DiskReadsPersec=0
DiskTransfersPersec=0
DiskWriteBytesPersec=0
DiskWritesPersec=0
Frequency_Object=NULL
Frequency_PerfTime=NULL
Frequency_Sys100NS=NULL
Name=0 D: C:
PercentDiskReadTime=0
PercentDiskTime=0
PercentDiskWriteTime=0
PercentIdleTime=98
SplitIOPerSec=0
Timestamp_Object=NULL
Timestamp_PerfTime=NULL
Timestamp_Sys100NS=NULL
wmi_type=unspecified

---splunk-wmi-end-of-event---

20090904144105.000000
AvgDiskBytesPerRead=0
AvgDiskBytesPerTransfer=0
AvgDiskBytesPerWrite=0
AvgDiskQueueLength=0
AvgDiskReadQueueLength=0
AvgDiskWriteQueueLength=0
AvgDisksecPerRead=0
AvgDisksecPerTransfer=0
AvgDisksecPerWrite=0
Caption=NULL
CurrentDiskQueueLength=0
Description=NULL
DiskBytesPersec=0
DiskReadBytesPersec=0
DiskReadsPersec=0
DiskTransfersPersec=0
DiskWriteBytesPersec=0
DiskWritesPersec=0
Frequency_Object=NULL
Frequency_PerfTime=NULL
Frequency_Sys100NS=NULL
Name=Total
PercentDiskReadTime=0
PercentDiskTime=0
PercentDiskWriteTime=0
PercentIdleTime=98
SplitIOPerSec=0
Timestamp_Object=NULL
Timestamp_PerfTime=NULL
Timestamp_Sys100NS=NULL
wmi_type=unspecified

---splunk-wmi-end-of-event---

